<?xml version="1.0" encoding="UTF-8"?>
<beans xmlns="http://www.springframework.org/schema/beans"
	xmlns:xsi="http://www.w3.org/2001/XMLSchema-instance"
	xmlns:tx="http://www.springframework.org/schema/tx"
	xmlns:mvc="http://www.springframework.org/schema/mvc"
	xmlns:context="http://www.springframework.org/schema/context"
	xsi:schemaLocation="http://www.springframework.org/schema/mvc http://www.springframework.org/schema/mvc/spring-mvc-4.0.xsd
		http://www.springframework.org/schema/beans http://www.springframework.org/schema/beans/spring-beans-3.2.xsd
		http://www.springframework.org/schema/context http://www.springframework.org/schema/context/spring-context-4.0.xsd
		http://www.springframework.org/schema/tx http://www.springframework.org/schema/tx/spring-tx-4.0.xsd">

	<!-- Enables the Spring MVC @Controller programming model -->




<context:annotation-config></context:annotation-config>


	<!-- Resolves views selected for rendering by @Controllers to .jsp resources 
		in the /WEB-INF/views directory -->
	<bean
		class="org.springframework.web.servlet.view.InternalResourceViewResolver">
		<property name="prefix" value="/WEB-INF/views/" />
		<property name="suffix" value=".jsp" />
	</bean>

	<context:component-scan base-package="org.opensrp.dashboard.etl.controller" />


<context:component-scan base-package="org.opensrp.dashboard.etl.entity" />
<context:component-scan base-package="org.opensrp.dashboard.etl.repository" />
<context:component-scan base-package="org.opensrp.dashboard.etl.service" />


	
		<bean id="dataSource" class="org.apache.commons.dbcp.BasicDataSource"
        destroy-method="close">
        <property name="driverClassName" value="org.postgresql.Driver" />
        <property name="url"  value="jdbc:postgresql://localhost/motechquartz" />
        <property name="username" value="postgres" />
        <property name="password" value="password" />
    </bean>


		<!-- Hibernate 4 SessionFactory Bean definition -->
    <bean id="hibernate4AnnotatedSessionFactory"
        class="org.springframework.orm.hibernate4.LocalSessionFactoryBean">
        <property name="dataSource" ref="dataSource" />
        <property name="annotatedClasses">
            <list>
                <value>org.opensrp.dashboard.etl.entity.HouseholdEntity</value>
                <value>org.opensrp.dashboard.etl.entity.MarkerEntity</value>
                <value>org.opensrp.dashboard.etl.entity.ElcoEntity</value>
                
            </list>
        </property>
        <property name="hibernateProperties">
            <props>
                <prop key="hibernate.dialect">org.hibernate.dialect.PostgreSQLDialect
                </prop>
                <prop key="hibernate.show_sql">true</prop>
               <prop key="hibernate.hbm2ddl.auto">update</prop>
            </props>
        </property>
    </bean>
    
    <bean name="householdRepository" class="org.opensrp.dashboard.etl.repository.HouseholdRepository">
        <property name="sessionFactory" ref="hibernate4AnnotatedSessionFactory" />
        
    </bean>
     <bean name="householdService" class="org.opensrp.dashboard.etl.service.HouseholdService">
        <property name="householdRepository" ref="householdRepository"></property>
    </bean>
    
     <bean name="markerRepository" class="org.opensrp.dashboard.etl.repository.MarkerRepository">
        <property name="sessionFactory" ref="hibernate4AnnotatedSessionFactory" />
        
    </bean>
     <bean name="markerService" class="org.opensrp.dashboard.etl.service.MarkerService">
        <property name="markerRepository" ref="markerRepository"></property>
    </bean>
    
    <bean name="elcoRepository" class="org.opensrp.dashboard.etl.repository.ElcoRepository">
        <property name="sessionFactory" ref="hibernate4AnnotatedSessionFactory" />
        
    </bean>
     <bean name="elcoService" class="org.opensrp.dashboard.etl.service.ElcoService">
        <property name="elcoRepository" ref="elcoRepository"></property>
    </bean>
    
     <bean name="homeController" class="org.opensrp.dashboard.etl.controller.HomeController">
        <property name="householdService" ref="householdService"></property>
    </bean>
    
    
		<bean id="transactionManager"
			class="org.springframework.orm.hibernate4.HibernateTransactionManager">
			<property name="sessionFactory" ref="hibernate4AnnotatedSessionFactory" />
		</bean>

		<mvc:annotation-driven></mvc:annotation-driven>
		<tx:annotation-driven proxy-target-class = "true" />
		
		
		
		

		<mvc:resources location="/resources/" mapping="/static/**" />
	
</beans>
